/SYSTEM 8
//DATE      : 2023/09/11 05:02:33
//SYSTEM NO : YAS4.30.00A(JP/EN)-00
//PARAM  NO : 3.72/3.72
//APPLI     : GENERAL         
//LANGUAGE  :  4.30-00-00, 4.30-00-00
//REVISION
ACP01    4.30.00,1.06-10
AIF01   --------,16092200
PP       2.12-00, 2.01-00, 1.11
ASF01#0  2.23-01/ 2.11-00, 2.23-01/ 2.11-00, 2.00-00, 2.00-00,16122200,16122200
SDCA01#0 4.13-00/ 4.13-00, 1.11C00/ 1.11P00, 2.00-00, 1.01-00,19090800,05000000
//ROBOT NAME
R1 : 1-06VX88-A0*(GP88)                           0011_1111
//CONTROL POWER
TOTAL : 2021/09/20 11:50,03871:21'53
//SERVO POWER
TOTAL : 2021/09/20 11:50,02375:43'28
R1    : 2021/09/20 11:50,02375:36'50
//PLAYBACK TIME
TOTAL : 2021/09/20 11:50,00619:42'58
R1    : 2021/09/20 11:50,00619:25'32
//MOVING TIME
TOTAL : 2021/09/20 11:50,00454:06'16
R1    : 2021/09/20 11:50,00454:06'16
//OPERATING TIME
TOOL1 : 2021/09/20 11:50,00000:00'00
//ENERGY TIME
TOTAL : 2021/09/20 11:50,01316:28'40
//CONTROLLER SETTING
============================================================
LANGUAGE

------------------------------------------------------------
LANGUAGE1           ENGLISH            
LANGUAGE2           JAPANESE           
============================================================
CONTROL GROUP                                       
                                                    
------------------------------------------------------------
CONNECT :                             DETAIL        
R1      : 1-06VX88-A0*                              
B1      : NONE                        DETAIL        
R2      : NONE                                      
S1      : NONE                        DETAIL        
============================================================
CONNECT(STO)                                        
        -- AXIS --  -- BRK --   -- CV  --           
    SV <123456789> <123456789> <123456789> ON_EN  OT
------------------------------------------------------------
R1 :#1 [123456---] [123456---] [111111---] ON_EN1 OT1   
============================================================
APPLICATION

------------------------------------------------------------
APPLICATION                             
  GENERAL PURPOSE                       
ROBOT APPL OPTION        R1                                                             
  1 : GENERAL PURPOSE    *                 
CIO LADDER (STANDARD) 
  GENERAL PURPOSE                       
============================================================
OPTION BOARD                                        
STANDARD         #1 PCIe, #2 PCIe                   
------------------------------------------------------------
#0        NONE                                      
#1        NONE                                      
#2        NONE                                      
============================================================
IO MODULE
ST#   DI   DO  AI  AO BOARD               
------------------------------------------------------------
 00 0040 0040   -   - ASF01(AIO01 NPN)
 01    -    -   -   - NONE
 02    -    -   -   - NONE
 03    -    -   -   - NONE
 04    -    -   -   - NONE
 05    -    -   -   - NONE
 06    -    -   -   - NONE
 07    -    -   -   - NONE
 08    -    -   -   - NONE
 09    -    -   -   - NONE
 10    -    -   -   - NONE
 11    -    -   -   - NONE
 12    -    -   -   - NONE
 13    -    -   -   - NONE
 14    -    -   -   - NONE
 15    -    -   -   - NONE
 16    -    -   -   - NONE
 17    -    -   -   - NONE
 18    -    -   -   - NONE
 19    -    -   -   - NONE
============================================================
EXTERNAL IO SETUP                                   
                                                    
------------------------------------------------------------
ALLOCATION MODE                  AUTO               
EXTERNAL IO ALLOCATION           DETAIL             
============================================================
EXTERNAL IO ALLOCATION(INPUT)                       
        ST#  CH  MAC ID  ADDR  BYTE  NAME           
------------------------------------------------------------
#20010    0   0       0     0     5  ASF01          
============================================================
EXTERNAL IO ALLOCATION(OUTPUT)                      
        ST#  CH  MAC ID  ADDR  BYTE  NAME           
------------------------------------------------------------
#30010    0   0       0     0     5  ASF01          
============================================================
OPTION FUNCTION

------------------------------------------------------------
* 006 VISION FUNCTION                 NOT USED  
* 007 ROBOT DETACHMENT                DETAIL    
* 009 AXES DETACHMENT                 DETAIL    
* 011 LAN INTERFACE SETTING           DETAIL    
* 012 NETWORK FUNCTION SETTING        DETAIL    
* 013 EtherNet/IP(CPU Board)          DETAIL    
* 014 DAYLIGHT SAVING TIME            DETAIL    
* 015 RELATIVE JOB                    NOT USED  
* 016 INTERRUPT JOB                   NOT USED  
* 017 TCP                             NOT USED  
* 018 MACRO INST.                     NOT USED  
* 020 I/F PANEL                       USED      
* 021 LADDER EDITOR                   USED      
* 022 PLAY MODE ENABLE                NOT USED  
* 023 MANUAL BRAKE RELEASE            USED      
* 025 EXTERNAL REFERENCE POINT        NOT USED  
* 026 PARALLEL START INSTRUCTION        7
* 027 COORDINATED INSTRUCTION         USED      
* 028 STATION ANGLE DISPLAY           NOT USED  
* 030 LIMITS CUSTOMIZATION            DETAIL    
* 032 TOOL NO. SWITCHING              NOT USED  
* 033 SI UNIT INDICATION              NOT USED  
* 034 DISPLAY IO NAME IN JOB          USED      
* 036 EXTERNAL IO SETUP               DETAIL    
* 037 VARIABLE ALLOCATION             DETAIL    
* 046 MotoPlus FUNC.                  NOT USED  
* 048 AUTOBACKUP(ACP01)               NOT USED  
* 049 Functional safety               DETAIL    
* 050 MOTOPAL FUNCTION                NOT USED  
* 052 SERVO POWER INDIVIDUAL CONTROL  DETAIL    
* 053 MotoFit                         NOT USED  
* 054 MotoLogix                       DETAIL    
* 055 SAFETY LOGICAL CIRCUIT SETTING  DETAIL    
* 056 SAFETY I/O BOARD SETTING        DETAIL    
* 057 POWER FORCE LIMITING            DETAIL    
* 058 3DGRAPHICS                      USED      
* 059 ENDLESS FUNCTION                DETAIL    
* 060 Search function                 NOT USED  
* 061 Pendant Oscilloscope function   USED      
* 062 I/O OUTPUT CONTROL FUNCTION     NOT USED  
* 063 TWIN SYNCHRONOUS FUNCTION       NOT USED  
* 064 THERMAL SPRAY SPEED FUNCTION    NOT USED  
* 065 ARM INTERFERE CHECK FUNCTION    NOT USED  
* 066 CUBIC ARM INTERFERENCE CHK FUNC.NOT USED  
* 067 HOVER WEAVING FUNCTION          NOT USED  
* 068 SEARCH FUNCTION IN CONT MOTION  NOT USED  
* 069 PASSWORD PROTECTION FUNCTION    NOT USED  
* 070 ONLINE MANUAL FUNCTION          NOT USED  
* 071 I/O JOG OPERATION FUNCTION      NOT USED  
* 072 Cockpit                         NOT USED  
* 073 MOTOMAN DRIVER                  NOT USED  
* 074 ENCODER CONFIG FUNCTION         DETAIL    
* 075 TEACH POINT ADJUST FUNCTION     NOT USED  
* 077 SmartPendant                    NOT USED  
* 078 OT SIGNAL MULTI SETTING         NOT USED  
* 081 CURRENT POSITION OUTPUT(Modbus) NOT USED  
* 083 MUTUAL WAIT FUNCTION            DETAIL    
* 086 MODE SWITCHING BY CONTROLLER    NOT USED  
* 087 YERCProfile                     DETAIL    
* 088 ROBOT POS. TRANS FUNC.(TRUMPF)  NOT USED  
============================================================
CMOS MEMORY

------------------------------------------------------------
  USED SIZE           2 MB               
  MOUNTED SIZE        2 MB               
============================================================
------------------------------------------------------------
FILE CREATE DATE             2021/05/17 14:33:41 EDITING
CMOS.BIN LOADED              ----/--/-- --:--:--
============================================================
CHANGE TRACKING LIST         DATE
  INITIALIZE                 2021/09/20 11:51:14 YASKAWA
  LANGUAGE                   ----/--/-- --:--:--
  CONTROL GROUP              ----/--/-- --:--:--
  APPLICATION                ----/--/-- --:--:--
  OPTION BOARD               ----/--/-- --:--:--
  IO MODULE                  ----/--/-- --:--:--
  CMOS MEMORY                ----/--/-- --:--:--
  DATE/TIME                  2021/09/16 14:12:00 YASKAWA
  OPTION FUNCTION            2021/09/20 13:27:57 YASKAWA
============================================================
INITIALIZED FILES
  JOB                        2021/09/20 13:27:59 YASKAWA
  FILE/GENERAL DATA          2021/09/20 13:28:03 YASKAWA
  PARAMETER                  ----/--/-- --:--:--
  I/O DATA                   ----/--/-- --:--:--
  SYSTEM DATA                2021/09/20 13:28:06 YASKAWA
  USER DEFINE                ----/--/-- --:--:--
============================================================
INSPECTION AND TEST RECORD   DATE
Rseigi2_HE1403276_1_ANSI.psc 2021/05/17 14:36:13 YASKAWA
833387-1-1.psc               2021/09/20 13:21:34 YASKAWA
833387-1-1.psc               2021/09/20 13:28:33 YASKAWA
                             ----/--/-- --:--:--
                             ----/--/-- --:--:--
============================================================
CHANGE TRACKING PARAMETER    DATE
  AMCxG                      ----/--/-- --:--:--
  AxP                        ----/--/-- --:--:--
  CIO                        ----/--/-- --:--:--
  FD                         2021/12/21 16:05:00 YASKAWA
  FMSxB                      ----/--/-- --:--:--
  MFxG                       ----/--/-- --:--:--
  RCD                        ----/--/-- --:--:--
  RCxG                       ----/--/-- --:--:--
  RExG                       ----/--/-- --:--:--
  ROxG                       ----/--/-- --:--:--
  RS                         ----/--/-- --:--:--
  SxE                        ----/--/-- --:--:--
  S1CxG                      ----/--/-- --:--:--
  S2C                        ----/--/-- --:--:--
  S3C                        ----/--/-- --:--:--
  S4C                        ----/--/-- --:--:--
  S1D                        ----/--/-- --:--:--
  S2D                        ----/--/-- --:--:--
  S3D                        ----/--/-- --:--:--
  S4D                        ----/--/-- --:--:--
  SVxG                       ----/--/-- --:--:--
  SVCxB                      ----/--/-- --:--:--
  SVD                        ----/--/-- --:--:--
  SVMxG                      ----/--/-- --:--:--
  SVPxG                      ----/--/-- --:--:--
  SVSxB                      ----/--/-- --:--:--
